<?xml version="1.0" encoding="UTF-8"?>
<testsuite xmlns:xsi="http://www.w3.org/2001/XMLSchema-instance" xsi:noNamespaceSchemaLocation="https://maven.apache.org/surefire/maven-surefire-plugin/xsd/surefire-test-report.xsd" version="3.0.2" name="com.example.demo.ClemonyReservationApplicationTests" time="6.716" tests="1" errors="0" skipped="0" failures="0">
  <properties>
[...]
</properties>
  <testcase name="contextLoads" classname="com.example.demo.ClemonyReservationApplicationTests" time="0.4">
    <system-out><![CDATA[11:26:18.233 [main] INFO org.springframework.test.context.support.AnnotationConfigContextLoaderUtils -- Could not detect default configuration classes for test class [com.example.demo.ClemonyReservationApplicationTests]: ClemonyReservationApplicationTests does not declare any static, non-private, non-final, nested classes annotated with @Configuration.
11:26:18.375 [main] INFO org.springframework.boot.test.context.SpringBootTestContextBootstrapper -- Found @SpringBootConfiguration com.example.demo.ClemonyReservationApplication for test class com.example.demo.ClemonyReservationApplicationTests
11:26:18.581 [main] INFO org.springframework.boot.devtools.restart.RestartApplicationListener -- Restart disabled due to context in which it is running

  .   ____          _            __ _ _
 /\\ / ___'_ __ _ _(_)_ __  __ _ \ \ \ \
( ( )\___ | '_ | '_| | '_ \/ _` | \ \ \ \
 \\/  ___)| |_)| | | | | || (_| |  ) ) ) )
  '  |____| .__|_| |_|_| |_\__, | / / / /
 =========|_|==============|___/=/_/_/_/

 :: Spring Boot ::                (v3.5.6)

2025-10-29T11:26:18.936+09:00  INFO 38192 --- [clemony_reservation] [           main] c.e.d.ClemonyReservationApplicationTests : Starting ClemonyReservationApplicationTests using Java 21.0.7 with PID 38192 (started by newos in C:\Users\newos\git\mceremony_reservation)
2025-10-29T11:26:18.937+09:00  INFO 38192 --- [clemony_reservation] [           main] c.e.d.ClemonyReservationApplicationTests : The following 1 profile is active: "local"
2025-10-29T11:26:19.938+09:00  INFO 38192 --- [clemony_reservation] [           main] .s.d.r.c.RepositoryConfigurationDelegate : Bootstrapping Spring Data JPA repositories in DEFAULT mode.
2025-10-29T11:26:20.020+09:00  INFO 38192 --- [clemony_reservation] [           main] .s.d.r.c.RepositoryConfigurationDelegate : Finished Spring Data repository scanning in 71 ms. Found 8 JPA repository interfaces.
2025-10-29T11:26:20.709+09:00  INFO 38192 --- [clemony_reservation] [           main] o.hibernate.jpa.internal.util.LogHelper  : HHH000204: Processing PersistenceUnitInfo [name: default]
2025-10-29T11:26:20.781+09:00  INFO 38192 --- [clemony_reservation] [           main] org.hibernate.Version                    : HHH000412: Hibernate ORM core version 6.6.29.Final
2025-10-29T11:26:20.829+09:00  INFO 38192 --- [clemony_reservation] [           main] o.h.c.internal.RegionFactoryInitiator    : HHH000026: Second-level cache disabled
2025-10-29T11:26:21.245+09:00  INFO 38192 --- [clemony_reservation] [           main] o.s.o.j.p.SpringPersistenceUnitInfo      : No LoadTimeWeaver setup: ignoring JPA class transformer
2025-10-29T11:26:21.290+09:00  INFO 38192 --- [clemony_reservation] [           main] com.zaxxer.hikari.HikariDataSource       : HikariPool-1 - Starting...
2025-10-29T11:26:21.484+09:00  INFO 38192 --- [clemony_reservation] [           main] com.zaxxer.hikari.pool.HikariPool        : HikariPool-1 - Added connection com.mysql.cj.jdbc.ConnectionImpl@73385d3f
2025-10-29T11:26:21.486+09:00  INFO 38192 --- [clemony_reservation] [           main] com.zaxxer.hikari.HikariDataSource       : HikariPool-1 - Start completed.
2025-10-29T11:26:21.525+09:00  WARN 38192 --- [clemony_reservation] [           main] org.hibernate.orm.deprecation            : HHH90000025: MySQL8Dialect does not need to be specified explicitly using 'hibernate.dialect' (remove the property setting and it will be selected by default)
2025-10-29T11:26:21.526+09:00  WARN 38192 --- [clemony_reservation] [           main] org.hibernate.orm.deprecation            : HHH90000026: MySQL8Dialect has been deprecated; use org.hibernate.dialect.MySQLDialect instead
2025-10-29T11:26:21.541+09:00  INFO 38192 --- [clemony_reservation] [           main] org.hibernate.orm.connections.pooling    : HHH10001005: Database info:
	Database JDBC URL [Connecting through datasource 'HikariDataSource (HikariPool-1)']
	Database driver: undefined/unknown
	Database version: 8.0
	Autocommit mode: undefined/unknown
	Isolation level: undefined/unknown
	Minimum pool size: undefined/unknown
	Maximum pool size: undefined/unknown
2025-10-29T11:26:22.431+09:00  INFO 38192 --- [clemony_reservation] [           main] o.h.e.t.j.p.i.JtaPlatformInitiator       : HHH000489: No JTA platform available (set 'hibernate.transaction.jta.platform' to enable JTA platform integration)
2025-10-29T11:26:22.434+09:00  INFO 38192 --- [clemony_reservation] [           main] j.LocalContainerEntityManagerFactoryBean : Initialized JPA EntityManagerFactory for persistence unit 'default'
2025-10-29T11:26:23.150+09:00  WARN 38192 --- [clemony_reservation] [           main] JpaBaseConfiguration$JpaWebConfiguration : spring.jpa.open-in-view is enabled by default. Therefore, database queries may be performed during view rendering. Explicitly configure spring.jpa.open-in-view to disable this warning
2025-10-29T11:26:23.433+09:00  INFO 38192 --- [clemony_reservation] [           main] r$InitializeUserDetailsManagerConfigurer : Global AuthenticationManager configured with UserDetailsService bean with name employeeUserDetailsService
2025-10-29T11:26:23.563+09:00 DEBUG 38192 --- [clemony_reservation] [           main] o.s.s.web.DefaultSecurityFilterChain     : Will secure any request with filters: DisableEncodeUrlFilter, WebAsyncManagerIntegrationFilter, SecurityContextHolderFilter, HeaderWriterFilter, CsrfFilter, LogoutFilter, UsernamePasswordAuthenticationFilter, RequestCacheAwareFilter, SecurityContextHolderAwareRequestFilter, AnonymousAuthenticationFilter, SessionManagementFilter, ExceptionTranslationFilter, AuthorizationFilter
2025-10-29T11:26:24.012+09:00  INFO 38192 --- [clemony_reservation] [           main] o.s.m.s.b.SimpleBrokerMessageHandler     : Starting...
2025-10-29T11:26:24.012+09:00  INFO 38192 --- [clemony_reservation] [           main] o.s.m.s.b.SimpleBrokerMessageHandler     : BrokerAvailabilityEvent[available=true, SimpleBrokerMessageHandler [org.springframework.messaging.simp.broker.DefaultSubscriptionRegistry@490b8f1e]]
2025-10-29T11:26:24.015+09:00  INFO 38192 --- [clemony_reservation] [           main] o.s.m.s.b.SimpleBrokerMessageHandler     : Started.
2025-10-29T11:26:24.022+09:00  INFO 38192 --- [clemony_reservation] [           main] c.e.d.ClemonyReservationApplicationTests : Started ClemonyReservationApplicationTests in 5.455 seconds (process running for 6.598)
2025-10-29T11:26:24.171+09:00 DEBUG 38192 --- [clemony_reservation] [           main] org.hibernate.SQL                        : select e1_0.employee_id,e1_0.delete_flag,e1_0.department_id,e1_0.is_admin,e1_0.password_hash,e1_0.user_name from employees e1_0 where e1_0.user_name=?
Hibernate: select e1_0.employee_id,e1_0.delete_flag,e1_0.department_id,e1_0.is_admin,e1_0.password_hash,e1_0.user_name from employees e1_0 where e1_0.user_name=?
2025-10-29T11:26:24.232+09:00 DEBUG 38192 --- [clemony_reservation] [           main] org.hibernate.SQL                        : select d1_0.department_id,d1_0.department_name from departments d1_0 where d1_0.department_id=?
Hibernate: select d1_0.department_id,d1_0.department_name from departments d1_0 where d1_0.department_id=?
--- ⚠️ 既存の管理者従業員 (admin) のパスワードをBCryptで上書きします ---
2025-10-29T11:26:24.312+09:00 DEBUG 38192 --- [clemony_reservation] [           main] org.hibernate.SQL                        : select e1_0.employee_id,e1_0.delete_flag,e1_0.department_id,e1_0.is_admin,e1_0.password_hash,e1_0.user_name from employees e1_0 where e1_0.employee_id=?
Hibernate: select e1_0.employee_id,e1_0.delete_flag,e1_0.department_id,e1_0.is_admin,e1_0.password_hash,e1_0.user_name from employees e1_0 where e1_0.employee_id=?
2025-10-29T11:26:24.332+09:00 DEBUG 38192 --- [clemony_reservation] [           main] org.hibernate.SQL                        : update employees set delete_flag=?,department_id=?,is_admin=?,password_hash=?,user_name=? where employee_id=?
Hibernate: update employees set delete_flag=?,department_id=?,is_admin=?,password_hash=?,user_name=? where employee_id=?
--- ✅ 管理者ログイン問題解決: パスワードをBCryptハッシュで更新しました。 ---
]]></system-out>
    <system-err><![CDATA[Mockito is currently self-attaching to enable the inline-mock-maker. This will no longer work in future releases of the JDK. Please add Mockito as an agent to your build as described in Mockito's documentation: https://javadoc.io/doc/org.mockito/mockito-core/latest/org.mockito/org/mockito/Mockito.html#0.3
WARNING: A Java agent has been loaded dynamically (C:\Users\newos\.m2\repository\net\bytebuddy\byte-buddy-agent\1.17.7\byte-buddy-agent-1.17.7.jar)
WARNING: If a serviceability tool is in use, please run with -XX:+EnableDynamicAgentLoading to hide this warning
WARNING: If a serviceability tool is not in use, please run with -Djdk.instrument.traceUsage for more information
WARNING: Dynamic loading of agents will be disallowed by default in a future release
]]></system-err>
  </testcase>
</testsuite>